<?xml version="1.0" encoding="UTF-8"?>
<!-- Generated by org.testng.reporters.JUnitReportReporter -->
<testsuite skipped="0" hostname="DESKTOP-NPCVONP" name="com.learautomation.testcases.LoginTestCRM" tests="1" failures="0" timestamp="19 Apr 2020 13:20:42 GMT" time="7.312" errors="0">
  <testcase name="loginApp" time="7.312" classname="com.learautomation.testcases.LoginTestCRM"/>
</testsuite> <!-- com.learautomation.testcases.LoginTestCRM -->
